2020-05-14T07:30:06+00:00 CRITICAL Uncaught WC_Stripe_Exception: WP_Error Object
(
    [errors] => Array
        (
            [http_request_failed] => Array
                (
                    [0] => A valid URL was not provided.
                )

        )

    [error_data] => Array
        (
        )

)
 in /Applications/MAMP/htdocs/wpsite/wp-content/plugins/woocommerce-gateway-stripe/includes/class-wc-stripe-api.php:140
Stack trace:
#0 /Applications/MAMP/htdocs/wpsite/wp-content/plugins/woocommerce-gateway-stripe/includes/class-wc-stripe-customer.php(322): WC_Stripe_API::request(Array, 'customers/cus_H...', 'GET')
#1 /Applications/MAMP/htdocs/wpsite/wp-content/plugins/woocommerce-gateway-stripe/includes/class-wc-stripe-payment-tokens.php(103): WC_Stripe_Customer->get_sources()
#2 /Applications/MAMP/htdocs/wpsite/wp-includes/class-wp-hook.php(287): WC_Stripe_Payment_Tokens->woocommerce_get_customer_payment_tokens(Array, 1, 'stripe')
#3 /Applications/MAMP/htdocs/wpsite/wp-includes/plugin.php(206): WP_Hook->apply_filters(Array, Array)
#4  in /Applications/MAMP/htdocs/wpsite/wp-content/plugins/woocommerce-gateway-stripe/includes/class-wc-stripe-api.php on line 140

2020-05-14T07:32:22+00:00 CRITICAL Uncaught WC_Stripe_Exception: WP_Error Object
(
    [errors] => Array
        (
            [http_request_failed] => Array
                (
                    [0] => A valid URL was not provided.
                )

        )

    [error_data] => Array
        (
        )

)
 in /Applications/MAMP/htdocs/wpsite/wp-content/plugins/woocommerce-gateway-stripe/includes/class-wc-stripe-api.php:140
Stack trace:
#0 /Applications/MAMP/htdocs/wpsite/wp-content/plugins/woocommerce-gateway-stripe/includes/class-wc-stripe-customer.php(322): WC_Stripe_API::request(Array, 'customers/cus_H...', 'GET')
#1 /Applications/MAMP/htdocs/wpsite/wp-content/plugins/woocommerce-gateway-stripe/includes/class-wc-stripe-payment-tokens.php(103): WC_Stripe_Customer->get_sources()
#2 /Applications/MAMP/htdocs/wpsite/wp-includes/class-wp-hook.php(287): WC_Stripe_Payment_Tokens->woocommerce_get_customer_payment_tokens(Array, 1, 'stripe')
#3 /Applications/MAMP/htdocs/wpsite/wp-includes/plugin.php(206): WP_Hook->apply_filters(Array, Array)
#4  in /Applications/MAMP/htdocs/wpsite/wp-content/plugins/woocommerce-gateway-stripe/includes/class-wc-stripe-api.php on line 140

