2020-05-13T07:12:52+00:00 CRITICAL Uncaught Error: Call to undefined function wp_get_remote() in /Applications/MAMP/htdocs/wpsite/wp-content/plugins/query-api/query-api.php:26
Stack trace:
#0 /Applications/MAMP/htdocs/wpsite/wp-includes/class-wp-hook.php(287): callback_function_name('')
#1 /Applications/MAMP/htdocs/wpsite/wp-includes/class-wp-hook.php(311): WP_Hook->apply_filters(NULL, Array)
#2 /Applications/MAMP/htdocs/wpsite/wp-includes/plugin.php(478): WP_Hook->do_action(Array)
#3 /Applications/MAMP/htdocs/wpsite/wp-admin/admin.php(170): do_action('admin_init')
#4 /Applications/MAMP/htdocs/wpsite/wp-admin/plugins.php(10): require_once('/Applications/M...')
#5 {main}
  thrown in /Applications/MAMP/htdocs/wpsite/wp-content/plugins/query-api/query-api.php on line 26

2020-05-13T07:16:39+00:00 CRITICAL Uncaught Error: Call to undefined function wp_get_remote() in /Applications/MAMP/htdocs/wpsite/wp-content/plugins/query-api/query-api.php:28
Stack trace:
#0 /Applications/MAMP/htdocs/wpsite/wp-includes/class-wp-hook.php(287): callback_function_name('')
#1 /Applications/MAMP/htdocs/wpsite/wp-includes/class-wp-hook.php(311): WP_Hook->apply_filters(NULL, Array)
#2 /Applications/MAMP/htdocs/wpsite/wp-includes/plugin.php(478): WP_Hook->do_action(Array)
#3 /Applications/MAMP/htdocs/wpsite/wp-admin/admin-ajax.php(45): do_action('admin_init')
#4 {main}
  thrown in /Applications/MAMP/htdocs/wpsite/wp-content/plugins/query-api/query-api.php on line 28

2020-05-13T07:16:42+00:00 CRITICAL Uncaught Error: Call to undefined function wp_get_remote() in /Applications/MAMP/htdocs/wpsite/wp-content/plugins/query-api/query-api.php:28
Stack trace:
#0 /Applications/MAMP/htdocs/wpsite/wp-includes/class-wp-hook.php(287): callback_function_name('')
#1 /Applications/MAMP/htdocs/wpsite/wp-includes/class-wp-hook.php(311): WP_Hook->apply_filters(NULL, Array)
#2 /Applications/MAMP/htdocs/wpsite/wp-includes/plugin.php(478): WP_Hook->do_action(Array)
#3 /Applications/MAMP/htdocs/wpsite/wp-admin/admin.php(170): do_action('admin_init')
#4 /Applications/MAMP/htdocs/wpsite/wp-admin/plugins.php(10): require_once('/Applications/M...')
#5 {main}
  thrown in /Applications/MAMP/htdocs/wpsite/wp-content/plugins/query-api/query-api.php on line 28

2020-05-13T11:44:21+00:00 CRITICAL Uncaught Error: Using $this when not in object context in /Applications/MAMP/htdocs/wpsite/wp-content/plugins/query-api/query-api.php:81
Stack trace:
#0 /Applications/MAMP/htdocs/wpsite/wp-includes/class-wp-hook.php(287): callback_function_name('')
#1 /Applications/MAMP/htdocs/wpsite/wp-includes/class-wp-hook.php(311): WP_Hook->apply_filters(NULL, Array)
#2 /Applications/MAMP/htdocs/wpsite/wp-includes/plugin.php(478): WP_Hook->do_action(Array)
#3 /Applications/MAMP/htdocs/wpsite/wp-admin/admin.php(170): do_action('admin_init')
#4 /Applications/MAMP/htdocs/wpsite/wp-admin/index.php(10): require_once('/Applications/M...')
#5 {main}
  thrown in /Applications/MAMP/htdocs/wpsite/wp-content/plugins/query-api/query-api.php on line 81

