2020-05-05T06:46:11+00:00 CRITICAL Uncaught WC_Stripe_Exception: WP_Error Object
(
    [errors] => Array
        (
            [http_request_failed] => Array
                (
                    [0] => cURL error 28: Operation timed out after 70000 milliseconds with 0 bytes received
                )

        )

    [error_data] => Array
        (
        )

)
 in /Applications/MAMP/htdocs/wpsite/wp-content/plugins/woocommerce-gateway-stripe/includes/class-wc-stripe-api.php:140
Stack trace:
#0 /Applications/MAMP/htdocs/wpsite/wp-content/plugins/woocommerce-gateway-stripe/includes/class-wc-stripe-customer.php(322): WC_Stripe_API::request(Array, 'customers/cus_H...', 'GET')
#1 /Applications/MAMP/htdocs/wpsite/wp-content/plugins/woocommerce-gateway-stripe/includes/class-wc-stripe-payment-tokens.php(103): WC_Stripe_Customer->get_sources()
#2 /Applications/MAMP/htdocs/wpsite/wp-includes/class-wp-hook.php(287): WC_Stripe_Payment_Tokens->woocommerce_get_customer_payment_tokens(Array, 1, 'stripe')
#3 /Applications/MAMP/htdocs/wpsite/wp-includes/plugi in /Applications/MAMP/htdocs/wpsite/wp-content/plugins/woocommerce-gateway-stripe/includes/class-wc-stripe-api.php on line 140

2020-05-05T06:46:32+00:00 CRITICAL Uncaught WC_Stripe_Exception: WP_Error Object
(
    [errors] => Array
        (
            [http_request_failed] => Array
                (
                    [0] => cURL error 28: Operation timed out after 10000 milliseconds with 0 out of 0 bytes received
                )

        )

    [error_data] => Array
        (
        )

)
 in /Applications/MAMP/htdocs/wpsite/wp-content/plugins/woocommerce-gateway-stripe/includes/class-wc-stripe-api.php:140
Stack trace:
#0 /Applications/MAMP/htdocs/wpsite/wp-content/plugins/woocommerce-gateway-stripe/includes/class-wc-stripe-customer.php(322): WC_Stripe_API::request(Array, 'customers/cus_H...', 'GET')
#1 /Applications/MAMP/htdocs/wpsite/wp-content/plugins/woocommerce-gateway-stripe/includes/class-wc-stripe-payment-tokens.php(103): WC_Stripe_Customer->get_sources()
#2 /Applications/MAMP/htdocs/wpsite/wp-includes/class-wp-hook.php(287): WC_Stripe_Payment_Tokens->woocommerce_get_customer_payment_tokens(Array, 1, 'stripe')
#3 /Applications/MAMP/htdocs/wpsite/wp-inclu in /Applications/MAMP/htdocs/wpsite/wp-content/plugins/woocommerce-gateway-stripe/includes/class-wc-stripe-api.php on line 140

2020-05-05T10:03:59+00:00 CRITICAL Uncaught WC_Stripe_Exception: WP_Error Object
(
    [errors] => Array
        (
            [http_request_failed] => Array
                (
                    [0] => cURL error 28: Operation timed out after 10000 milliseconds with 0 out of 0 bytes received
                )

        )

    [error_data] => Array
        (
        )

)
 in /Applications/MAMP/htdocs/wpsite/wp-content/plugins/woocommerce-gateway-stripe/includes/class-wc-stripe-api.php:140
Stack trace:
#0 /Applications/MAMP/htdocs/wpsite/wp-content/plugins/woocommerce-gateway-stripe/includes/class-wc-stripe-customer.php(322): WC_Stripe_API::request(Array, 'customers/cus_H...', 'GET')
#1 /Applications/MAMP/htdocs/wpsite/wp-content/plugins/woocommerce-gateway-stripe/includes/class-wc-stripe-payment-tokens.php(103): WC_Stripe_Customer->get_sources()
#2 /Applications/MAMP/htdocs/wpsite/wp-includes/class-wp-hook.php(287): WC_Stripe_Payment_Tokens->woocommerce_get_customer_payment_tokens(Array, 1, 'stripe')
#3 /Applications/MAMP/htdocs/wpsite/wp-inclu in /Applications/MAMP/htdocs/wpsite/wp-content/plugins/woocommerce-gateway-stripe/includes/class-wc-stripe-api.php on line 140

2020-05-05T10:06:45+00:00 CRITICAL Uncaught WC_Stripe_Exception: WP_Error Object
(
    [errors] => Array
        (
            [http_request_failed] => Array
                (
                    [0] => cURL error 28: Operation timed out after 10000 milliseconds with 0 out of 0 bytes received
                )

        )

    [error_data] => Array
        (
        )

)
 in /Applications/MAMP/htdocs/wpsite/wp-content/plugins/woocommerce-gateway-stripe/includes/class-wc-stripe-api.php:140
Stack trace:
#0 /Applications/MAMP/htdocs/wpsite/wp-content/plugins/woocommerce-gateway-stripe/includes/class-wc-stripe-customer.php(322): WC_Stripe_API::request(Array, 'customers/cus_H...', 'GET')
#1 /Applications/MAMP/htdocs/wpsite/wp-content/plugins/woocommerce-gateway-stripe/includes/class-wc-stripe-payment-tokens.php(103): WC_Stripe_Customer->get_sources()
#2 /Applications/MAMP/htdocs/wpsite/wp-includes/class-wp-hook.php(287): WC_Stripe_Payment_Tokens->woocommerce_get_customer_payment_tokens(Array, 1, 'stripe')
#3 /Applications/MAMP/htdocs/wpsite/wp-inclu in /Applications/MAMP/htdocs/wpsite/wp-content/plugins/woocommerce-gateway-stripe/includes/class-wc-stripe-api.php on line 140

2020-05-05T11:16:55+00:00 CRITICAL Uncaught WC_Stripe_Exception: WP_Error Object
(
    [errors] => Array
        (
            [http_request_failed] => Array
                (
                    [0] => cURL error 28: Operation timed out after 70001 milliseconds with 0 bytes received
                )

        )

    [error_data] => Array
        (
        )

)
 in /Applications/MAMP/htdocs/wpsite/wp-content/plugins/woocommerce-gateway-stripe/includes/class-wc-stripe-api.php:140
Stack trace:
#0 /Applications/MAMP/htdocs/wpsite/wp-content/plugins/woocommerce-gateway-stripe/includes/class-wc-stripe-customer.php(322): WC_Stripe_API::request(Array, 'customers/cus_H...', 'GET')
#1 /Applications/MAMP/htdocs/wpsite/wp-content/plugins/woocommerce-gateway-stripe/includes/class-wc-stripe-payment-tokens.php(103): WC_Stripe_Customer->get_sources()
#2 /Applications/MAMP/htdocs/wpsite/wp-includes/class-wp-hook.php(287): WC_Stripe_Payment_Tokens->woocommerce_get_customer_payment_tokens(Array, 1, 'stripe')
#3 /Applications/MAMP/htdocs/wpsite/wp-includes/plugi in /Applications/MAMP/htdocs/wpsite/wp-content/plugins/woocommerce-gateway-stripe/includes/class-wc-stripe-api.php on line 140

